{"level":"info","message":"info: ContextMenu Loaded: hi"}
{"level":"info","message":"info: Slash Command Loaded: 247"}
{"level":"info","message":"info: Slash Command Loaded: clear"}
{"level":"info","message":"info: Slash Command Loaded: disconnect"}
{"level":"info","message":"info: Slash Command Loaded: filters"}
{"level":"info","message":"info: Slash Command Loaded: grab"}
{"level":"info","message":"info: Slash Command Loaded: help"}
{"level":"info","message":"info: Slash Command Loaded: invite"}
{"level":"info","message":"info: Slash Command Loaded: loop"}
{"level":"info","message":"info: Slash Command Loaded: loopqueue"}
{"level":"info","message":"info: Slash Command Loaded: lyrics"}
{"level":"info","message":"info: Slash Command Loaded: move"}
{"level":"info","message":"info: Slash Command Loaded: nowplaying"}
{"level":"info","message":"info: Slash Command Loaded: pause"}
{"level":"info","message":"info: Slash Command Loaded: play"}
{"level":"info","message":"info: Slash Command Loaded: previous"}
{"level":"info","message":"info: Slash Command Loaded: queue"}
{"level":"info","message":"info: Slash Command Loaded: remove"}
{"level":"info","message":"info: Slash Command Loaded: replay"}
{"level":"info","message":"info: Slash Command Loaded: resume"}
{"level":"info","message":"info: Slash Command Loaded: search"}
{"level":"info","message":"info: Slash Command Loaded: seek"}
{"level":"info","message":"info: Slash Command Loaded: shuffle"}
{"level":"info","message":"info: Slash Command Loaded: skip"}
{"level":"info","message":"info: Slash Command Loaded: skipto"}
{"level":"info","message":"info: Slash Command Loaded: stats"}
{"level":"info","message":"info: Slash Command Loaded: summon"}
{"level":"info","message":"info: Slash Command Loaded: volume"}
{"level":"info","message":"info: Successfully Logged in as Music Box#5287"}
{"level":"info","message":"info: Node: Losing time, Montreal. | Lavalink node is connected."}
{"level":"info","message":"info: Node: Losing time, Montreal. | Lavalink node is connected."}
{"level":"info","message":"info: Node: Losing time, Montreal. | Lavalink node is connected."}
{"level":"info","message":"info: Node: Losing time, Montreal. | Lavalink node is connected."}
{"level":"info","message":"info: Node: Losing time, Montreal. | Lavalink node is connected."}
{"level":"info","message":"info: ContextMenu Loaded: hi"}
{"level":"info","message":"info: Slash Command Loaded: 247"}
{"level":"info","message":"info: Slash Command Loaded: clear"}
{"level":"info","message":"info: Slash Command Loaded: disconnect"}
{"level":"info","message":"info: Slash Command Loaded: filters"}
{"level":"info","message":"info: Slash Command Loaded: grab"}
{"level":"info","message":"info: Slash Command Loaded: help"}
{"level":"info","message":"info: Slash Command Loaded: invite"}
{"level":"info","message":"info: Slash Command Loaded: loop"}
{"level":"info","message":"info: Slash Command Loaded: loopqueue"}
{"level":"info","message":"info: Slash Command Loaded: lyrics"}
{"level":"info","message":"info: Slash Command Loaded: move"}
{"level":"info","message":"info: Slash Command Loaded: nowplaying"}
{"level":"info","message":"info: Slash Command Loaded: pause"}
{"level":"info","message":"info: Slash Command Loaded: play"}
{"level":"info","message":"info: Slash Command Loaded: previous"}
{"level":"info","message":"info: Slash Command Loaded: queue"}
{"level":"info","message":"info: Slash Command Loaded: remove"}
{"level":"info","message":"info: Slash Command Loaded: replay"}
{"level":"info","message":"info: Slash Command Loaded: resume"}
{"level":"info","message":"info: Slash Command Loaded: search"}
{"level":"info","message":"info: Slash Command Loaded: seek"}
{"level":"info","message":"info: Slash Command Loaded: shuffle"}
{"level":"info","message":"info: Slash Command Loaded: skip"}
{"level":"info","message":"info: Slash Command Loaded: skipto"}
{"level":"info","message":"info: Slash Command Loaded: stats"}
{"level":"info","message":"info: Slash Command Loaded: summon"}
{"level":"info","message":"info: Slash Command Loaded: volume"}
{"level":"info","message":"info: Successfully Logged in as Music Box#5287"}
{"level":"info","message":"info: Node: Losing time, Montreal. | Lavalink node is connected."}
{"level":"info","message":"info: ContextMenu Loaded: hi"}
{"level":"info","message":"info: Slash Command Loaded: 247"}
{"level":"info","message":"info: Slash Command Loaded: clear"}
{"level":"info","message":"info: Slash Command Loaded: disconnect"}
{"level":"info","message":"info: Slash Command Loaded: filters"}
{"level":"info","message":"info: Slash Command Loaded: grab"}
{"level":"info","message":"info: Slash Command Loaded: help"}
{"level":"info","message":"info: Slash Command Loaded: invite"}
{"level":"info","message":"info: Slash Command Loaded: loop"}
{"level":"info","message":"info: Slash Command Loaded: loopqueue"}
{"level":"info","message":"info: Slash Command Loaded: lyrics"}
{"level":"info","message":"info: Slash Command Loaded: move"}
{"level":"info","message":"info: Slash Command Loaded: nowplaying"}
{"level":"info","message":"info: Slash Command Loaded: pause"}
{"level":"info","message":"info: Slash Command Loaded: play"}
{"level":"info","message":"info: Slash Command Loaded: previous"}
{"level":"info","message":"info: Slash Command Loaded: queue"}
{"level":"info","message":"info: Slash Command Loaded: remove"}
{"level":"info","message":"info: Slash Command Loaded: replay"}
{"level":"info","message":"info: Slash Command Loaded: resume"}
{"level":"info","message":"info: Slash Command Loaded: search"}
{"level":"info","message":"info: Slash Command Loaded: seek"}
{"level":"info","message":"info: Slash Command Loaded: shuffle"}
{"level":"info","message":"info: Slash Command Loaded: skip"}
{"level":"info","message":"info: Slash Command Loaded: skipto"}
{"level":"info","message":"info: Slash Command Loaded: stats"}
{"level":"info","message":"info: Slash Command Loaded: summon"}
{"level":"info","message":"info: Slash Command Loaded: volume"}
{"level":"info","message":"info: Successfully Logged in as Music Box#5287"}
{"level":"info","message":"info: Node: Losing time, Montreal. | Lavalink node is connected."}
{"level":"info","message":"info: Node: Losing time, Montreal. | Lavalink node is connected."}
{"level":"info","message":"info: Node: Losing time, Montreal. | Lavalink node is connected."}
{"level":"info","message":"info: ContextMenu Loaded: hi"}
{"level":"info","message":"info: Slash Command Loaded: 247"}
{"level":"info","message":"info: Slash Command Loaded: clear"}
{"level":"info","message":"info: Slash Command Loaded: disconnect"}
{"level":"info","message":"info: Slash Command Loaded: filters"}
{"level":"info","message":"info: Slash Command Loaded: grab"}
{"level":"info","message":"info: Slash Command Loaded: help"}
{"level":"info","message":"info: Slash Command Loaded: invite"}
{"level":"info","message":"info: Slash Command Loaded: loop"}
{"level":"info","message":"info: Slash Command Loaded: loopqueue"}
{"level":"info","message":"info: Slash Command Loaded: lyrics"}
{"level":"info","message":"info: Slash Command Loaded: move"}
{"level":"info","message":"info: Slash Command Loaded: nowplaying"}
{"level":"info","message":"info: Slash Command Loaded: pause"}
{"level":"info","message":"info: Slash Command Loaded: play"}
{"level":"info","message":"info: Slash Command Loaded: previous"}
{"level":"info","message":"info: Slash Command Loaded: queue"}
{"level":"info","message":"info: Slash Command Loaded: remove"}
{"level":"info","message":"info: Slash Command Loaded: replay"}
{"level":"info","message":"info: Slash Command Loaded: resume"}
{"level":"info","message":"info: Slash Command Loaded: search"}
{"level":"info","message":"info: Slash Command Loaded: seek"}
{"level":"info","message":"info: Slash Command Loaded: shuffle"}
{"level":"info","message":"info: Slash Command Loaded: skip"}
{"level":"info","message":"info: Slash Command Loaded: skipto"}
{"level":"info","message":"info: Slash Command Loaded: stats"}
{"level":"info","message":"info: Slash Command Loaded: summon"}
{"level":"info","message":"info: Slash Command Loaded: volume"}
{"level":"info","message":"info: Successfully Logged in as Music Box#5287"}
{"level":"info","message":"info: Node: Losing time, Montreal. | Lavalink node is connected."}
{"level":"info","message":"info: Node: Losing time, Montreal. | Lavalink node is connected."}
{"level":"info","message":"info: Node: Losing time, Montreal. | Lavalink node is connected."}
{"level":"info","message":"info: Slash Command Loaded: 247"}
{"level":"info","message":"info: Slash Command Loaded: clear"}
{"level":"info","message":"info: Slash Command Loaded: disconnect"}
{"level":"info","message":"info: Slash Command Loaded: filters"}
{"level":"info","message":"info: Slash Command Loaded: grab"}
{"level":"info","message":"info: Slash Command Loaded: help"}
{"level":"info","message":"info: Slash Command Loaded: invite"}
{"level":"info","message":"info: Slash Command Loaded: loop"}
{"level":"info","message":"info: Slash Command Loaded: loopqueue"}
{"level":"info","message":"info: Slash Command Loaded: lyrics"}
{"level":"info","message":"info: Slash Command Loaded: move"}
{"level":"info","message":"info: Slash Command Loaded: nowplaying"}
{"level":"info","message":"info: Slash Command Loaded: pause"}
{"level":"info","message":"info: Slash Command Loaded: play"}
{"level":"info","message":"info: Slash Command Loaded: previous"}
{"level":"info","message":"info: Slash Command Loaded: queue"}
{"level":"info","message":"info: Slash Command Loaded: remove"}
{"level":"info","message":"info: Slash Command Loaded: replay"}
{"level":"info","message":"info: Slash Command Loaded: resume"}
{"level":"info","message":"info: Slash Command Loaded: search"}
{"level":"info","message":"info: Slash Command Loaded: seek"}
{"level":"info","message":"info: Slash Command Loaded: shuffle"}
{"level":"info","message":"info: Slash Command Loaded: skip"}
{"level":"info","message":"info: Slash Command Loaded: skipto"}
{"level":"info","message":"info: Slash Command Loaded: stats"}
{"level":"info","message":"info: Slash Command Loaded: summon"}
{"level":"info","message":"info: Slash Command Loaded: volume"}
{"level":"info","message":"info: ContextMenu Loaded: hi"}
{"level":"info","message":"info: Successfully Logged in as Music Box#5287"}
{"level":"info","message":"info: Node: Losing time, Montreal. | Lavalink node is connected."}
{"level":"info","message":"info: Node: Losing time, Montreal. | Lavalink node is connected."}
{"level":"info","message":"info: Node: Losing time, Montreal. | Lavalink node is connected."}
{"level":"info","message":"info: Node: Losing time, Montreal. | Lavalink node is connected."}
{"level":"info","message":"info: ContextMenu Loaded: hi"}
{"level":"info","message":"info: Slash Command Loaded: 247"}
{"level":"info","message":"info: Slash Command Loaded: clear"}
{"level":"info","message":"info: Slash Command Loaded: disconnect"}
{"level":"info","message":"info: Slash Command Loaded: filters"}
{"level":"info","message":"info: Slash Command Loaded: grab"}
{"level":"info","message":"info: Slash Command Loaded: help"}
{"level":"info","message":"info: Slash Command Loaded: invite"}
{"level":"info","message":"info: Slash Command Loaded: loop"}
{"level":"info","message":"info: Slash Command Loaded: loopqueue"}
{"level":"info","message":"info: Slash Command Loaded: lyrics"}
{"level":"info","message":"info: Slash Command Loaded: move"}
{"level":"info","message":"info: Slash Command Loaded: nowplaying"}
{"level":"info","message":"info: Slash Command Loaded: pause"}
{"level":"info","message":"info: Slash Command Loaded: play"}
{"level":"info","message":"info: Slash Command Loaded: previous"}
{"level":"info","message":"info: Slash Command Loaded: queue"}
{"level":"info","message":"info: Slash Command Loaded: remove"}
{"level":"info","message":"info: Slash Command Loaded: replay"}
{"level":"info","message":"info: Slash Command Loaded: resume"}
{"level":"info","message":"info: Slash Command Loaded: search"}
{"level":"info","message":"info: Slash Command Loaded: seek"}
{"level":"info","message":"info: Slash Command Loaded: shuffle"}
{"level":"info","message":"info: Slash Command Loaded: skip"}
{"level":"info","message":"info: Slash Command Loaded: skipto"}
{"level":"info","message":"info: Slash Command Loaded: stats"}
{"level":"info","message":"info: Slash Command Loaded: summon"}
{"level":"info","message":"info: Slash Command Loaded: volume"}
{"level":"info","message":"info: Successfully Logged in as Music Box#5287"}
{"level":"info","message":"info: Node: Losing time, Montreal. | Lavalink node is connected."}
{"level":"info","message":"info: Node: Losing time, Montreal. | Lavalink node is connected."}
{"level":"info","message":"info: Node: Losing time, Montreal. | Lavalink node is connected."}
{"level":"info","message":"info: Node: Losing time, Montreal. | Lavalink node is connected."}
{"level":"info","message":"info: Node: Losing time, Montreal. | Lavalink node is connected."}
{"level":"info","message":"info: Node: Losing time, Montreal. | Lavalink node is connected."}
{"level":"info","message":"info: Node: Losing time, Montreal. | Lavalink node is connected."}
{"level":"info","message":"info: Node: Losing time, Montreal. | Lavalink node is connected."}
{"level":"info","message":"info: Node: Losing time, Montreal. | Lavalink node is connected."}
{"level":"info","message":"info: Node: Losing time, Montreal. | Lavalink node is connected."}
{"level":"info","message":"info: Node: Losing time, Montreal. | Lavalink node is connected."}
{"level":"info","message":"info: Node: Losing time, Montreal. | Lavalink node is connected."}
{"level":"info","message":"info: Node: Losing time, Montreal. | Lavalink node is connected."}
{"level":"info","message":"info: Node: Losing time, Montreal. | Lavalink node is connected."}
{"level":"info","message":"info: Node: Losing time, Montreal. | Lavalink node is connected."}
{"level":"info","message":"info: ContextMenu Loaded: hi"}
{"level":"info","message":"info: Slash Command Loaded: 247"}
{"level":"info","message":"info: Slash Command Loaded: clear"}
{"level":"info","message":"info: Slash Command Loaded: disconnect"}
{"level":"info","message":"info: Slash Command Loaded: filters"}
{"level":"info","message":"info: Slash Command Loaded: grab"}
{"level":"info","message":"info: Slash Command Loaded: help"}
{"level":"info","message":"info: Slash Command Loaded: invite"}
{"level":"info","message":"info: Slash Command Loaded: loop"}
{"level":"info","message":"info: Slash Command Loaded: loopqueue"}
{"level":"info","message":"info: Slash Command Loaded: lyrics"}
{"level":"info","message":"info: Slash Command Loaded: move"}
{"level":"info","message":"info: Slash Command Loaded: nowplaying"}
{"level":"info","message":"info: Slash Command Loaded: pause"}
{"level":"info","message":"info: Slash Command Loaded: play"}
{"level":"info","message":"info: Slash Command Loaded: previous"}
{"level":"info","message":"info: Slash Command Loaded: queue"}
{"level":"info","message":"info: Slash Command Loaded: remove"}
{"level":"info","message":"info: Slash Command Loaded: replay"}
{"level":"info","message":"info: Slash Command Loaded: resume"}
{"level":"info","message":"info: Slash Command Loaded: search"}
{"level":"info","message":"info: Slash Command Loaded: seek"}
{"level":"info","message":"info: Slash Command Loaded: shuffle"}
{"level":"info","message":"info: Slash Command Loaded: skip"}
{"level":"info","message":"info: Slash Command Loaded: skipto"}
{"level":"info","message":"info: Slash Command Loaded: stats"}
{"level":"info","message":"info: Slash Command Loaded: summon"}
{"level":"info","message":"info: Slash Command Loaded: volume"}
{"level":"info","message":"info: Successfully Logged in as Music Box#5287"}
{"level":"info","message":"info: Node: Losing time, Montreal. | Lavalink node is connected."}
{"level":"info","message":"info: Slash Command Loaded: 247"}
{"level":"info","message":"info: Slash Command Loaded: clear"}
{"level":"info","message":"info: Slash Command Loaded: disconnect"}
{"level":"info","message":"info: Slash Command Loaded: filters"}
{"level":"info","message":"info: Slash Command Loaded: grab"}
{"level":"info","message":"info: Slash Command Loaded: help"}
{"level":"info","message":"info: Slash Command Loaded: invite"}
{"level":"info","message":"info: Slash Command Loaded: loop"}
{"level":"info","message":"info: Slash Command Loaded: loopqueue"}
{"level":"info","message":"info: Slash Command Loaded: lyrics"}
{"level":"info","message":"info: Slash Command Loaded: move"}
{"level":"info","message":"info: Slash Command Loaded: nowplaying"}
{"level":"info","message":"info: Slash Command Loaded: pause"}
{"level":"info","message":"info: Slash Command Loaded: play"}
{"level":"info","message":"info: Slash Command Loaded: previous"}
{"level":"info","message":"info: Slash Command Loaded: queue"}
{"level":"info","message":"info: Slash Command Loaded: remove"}
{"level":"info","message":"info: Slash Command Loaded: replay"}
{"level":"info","message":"info: Slash Command Loaded: resume"}
{"level":"info","message":"info: Slash Command Loaded: search"}
{"level":"info","message":"info: Slash Command Loaded: seek"}
{"level":"info","message":"info: Slash Command Loaded: shuffle"}
{"level":"info","message":"info: Slash Command Loaded: skip"}
{"level":"info","message":"info: Slash Command Loaded: skipto"}
{"level":"info","message":"info: Slash Command Loaded: stats"}
{"level":"info","message":"info: Slash Command Loaded: summon"}
{"level":"info","message":"info: Slash Command Loaded: volume"}
{"level":"info","message":"info: ContextMenu Loaded: hi"}
{"level":"info","message":"info: Successfully Logged in as Music Box#5287"}
{"level":"info","message":"info: Node: Losing time, Montreal. | Lavalink node is connected."}
{"level":"info","message":"info: Slash Command Loaded: 247"}
{"level":"info","message":"info: Slash Command Loaded: clear"}
{"level":"info","message":"info: Slash Command Loaded: disconnect"}
{"level":"info","message":"info: Slash Command Loaded: filters"}
{"level":"info","message":"info: Slash Command Loaded: grab"}
{"level":"info","message":"info: Slash Command Loaded: help"}
{"level":"info","message":"info: Slash Command Loaded: invite"}
{"level":"info","message":"info: Slash Command Loaded: loop"}
{"level":"info","message":"info: Slash Command Loaded: loopqueue"}
{"level":"info","message":"info: Slash Command Loaded: lyrics"}
{"level":"info","message":"info: Slash Command Loaded: move"}
{"level":"info","message":"info: Slash Command Loaded: nowplaying"}
{"level":"info","message":"info: Slash Command Loaded: pause"}
{"level":"info","message":"info: Slash Command Loaded: play"}
{"level":"info","message":"info: Slash Command Loaded: previous"}
{"level":"info","message":"info: Slash Command Loaded: queue"}
{"level":"info","message":"info: Slash Command Loaded: remove"}
{"level":"info","message":"info: Slash Command Loaded: replay"}
{"level":"info","message":"info: Slash Command Loaded: resume"}
{"level":"info","message":"info: Slash Command Loaded: search"}
{"level":"info","message":"info: Slash Command Loaded: seek"}
{"level":"info","message":"info: Slash Command Loaded: shuffle"}
{"level":"info","message":"info: Slash Command Loaded: skip"}
{"level":"info","message":"info: Slash Command Loaded: skipto"}
{"level":"info","message":"info: Slash Command Loaded: stats"}
{"level":"info","message":"info: Slash Command Loaded: summon"}
{"level":"info","message":"info: Slash Command Loaded: volume"}
{"level":"info","message":"info: ContextMenu Loaded: hi"}
{"level":"info","message":"info: Successfully Logged in as Music Box#5287"}
{"level":"info","message":"info: Node: Losing time, Montreal. | Lavalink node is connected."}
{"level":"info","message":"info: Node: Losing time, Montreal. | Lavalink node is connected."}
{"level":"info","message":"info: Node: Losing time, Montreal. | Lavalink node is connected."}
{"level":"info","message":"info: Node: Losing time, Montreal. | Lavalink node is connected."}
{"level":"info","message":"info: Node: Losing time, Montreal. | Lavalink node is connected."}
{"level":"info","message":"info: Slash Command Loaded: 247"}
{"level":"info","message":"info: Slash Command Loaded: clear"}
{"level":"info","message":"info: Slash Command Loaded: disconnect"}
{"level":"info","message":"info: Slash Command Loaded: filters"}
{"level":"info","message":"info: Slash Command Loaded: grab"}
{"level":"info","message":"info: Slash Command Loaded: help"}
{"level":"info","message":"info: Slash Command Loaded: invite"}
{"level":"info","message":"info: Slash Command Loaded: loop"}
{"level":"info","message":"info: Slash Command Loaded: loopqueue"}
{"level":"info","message":"info: Slash Command Loaded: lyrics"}
{"level":"info","message":"info: Slash Command Loaded: move"}
{"level":"info","message":"info: Slash Command Loaded: nowplaying"}
{"level":"info","message":"info: Slash Command Loaded: pause"}
{"level":"info","message":"info: Slash Command Loaded: play"}
{"level":"info","message":"info: Slash Command Loaded: previous"}
{"level":"info","message":"info: Slash Command Loaded: queue"}
{"level":"info","message":"info: Slash Command Loaded: remove"}
{"level":"info","message":"info: Slash Command Loaded: replay"}
{"level":"info","message":"info: Slash Command Loaded: resume"}
{"level":"info","message":"info: Slash Command Loaded: search"}
{"level":"info","message":"info: Slash Command Loaded: seek"}
{"level":"info","message":"info: Slash Command Loaded: shuffle"}
{"level":"info","message":"info: Slash Command Loaded: skip"}
{"level":"info","message":"info: Slash Command Loaded: skipto"}
{"level":"info","message":"info: Slash Command Loaded: stats"}
{"level":"info","message":"info: Slash Command Loaded: summon"}
{"level":"info","message":"info: Slash Command Loaded: volume"}
{"level":"info","message":"info: ContextMenu Loaded: hi"}
{"level":"info","message":"info: Successfully Logged in as Music Box#5287"}
{"level":"info","message":"info: Node: Losing time, Montreal. | Lavalink node is connected."}
